2025-11-06 21:17:55,162 - ipi_framework.main_controller - INFO - MainApplicationController initialized
2025-11-06 21:17:55,162 - ipi_framework.main_controller - INFO - Starting system initialization...
2025-11-06 21:17:55,162 - ipi_framework.main_controller - ERROR - System initialization failed: P3bSimulator.__init__() got an unexpected keyword argument 'amplitude_threshold'
2025-11-06 21:18:28,977 - ipi_framework.main_controller - INFO - MainApplicationController initialized
2025-11-06 21:18:28,977 - ipi_framework.main_controller - INFO - Starting system initialization...
2025-11-06 21:18:28,979 - ipi_framework.main_controller - ERROR - System initialization failed: SignatureValidator.__init__() got an unexpected keyword argument 'p3b_threshold'
2025-11-06 21:18:53,906 - ipi_framework.main_controller - INFO - MainApplicationController initialized
2025-11-06 21:18:53,907 - ipi_framework.main_controller - INFO - Starting system initialization...
2025-11-06 21:18:53,909 - ipi_framework.main_controller - ERROR - System initialization failed: StorageManager.__init__() got an unexpected keyword argument 'base_directory'
2025-11-06 21:19:13,430 - ipi_framework.main_controller - INFO - MainApplicationController initialized
2025-11-06 21:19:13,430 - ipi_framework.main_controller - INFO - Starting system initialization...
2025-11-06 21:19:13,491 - ipi_framework.main_controller - INFO - System initialization completed successfully
2025-11-06 21:19:27,231 - ipi_framework.main_controller - INFO - MainApplicationController initialized
2025-11-06 21:19:27,232 - ipi_framework.main_controller - INFO - Starting system initialization...
2025-11-06 21:19:27,239 - ipi_framework.main_controller - INFO - System initialization completed successfully
2025-11-06 21:19:27,262 - ipi_framework.data.storage_manager - INFO - Flushed all pending data operations
2025-11-06 21:19:41,477 - ipi_framework.main_controller - INFO - MainApplicationController initialized
2025-11-06 21:19:41,478 - ipi_framework.main_controller - INFO - Starting system initialization...
2025-11-06 21:19:41,480 - ipi_framework.main_controller - INFO - System initialization completed successfully
2025-11-06 21:19:41,480 - ipi_framework.main_controller - INFO - Running system validation...
2025-11-06 21:19:41,486 - ipi_framework.main_controller - ERROR - Neural simulators validation failed: P3bSimulator.generate_signature() got an unexpected keyword argument 'conscious'
2025-11-06 21:19:41,486 - ipi_framework.main_controller - INFO - System validation completed: {'mathematical_engine': True, 'neural_simulators': False, 'falsification_tests': True, 'data_manager': True, 'overall': False}
2025-11-06 21:20:21,616 - ipi_framework.main_controller - INFO - MainApplicationController initialized
2025-11-06 21:20:21,616 - ipi_framework.main_controller - INFO - Starting system initialization...
2025-11-06 21:20:21,622 - ipi_framework.main_controller - INFO - System initialization completed successfully
2025-11-06 21:20:21,622 - ipi_framework.main_controller - INFO - Running system validation...
2025-11-06 21:20:21,673 - ipi_framework.main_controller - INFO - System validation completed: {'mathematical_engine': True, 'neural_simulators': True, 'falsification_tests': True, 'data_manager': True, 'overall': True}
2025-11-06 21:23:43,525 - ipi_framework.main_controller - INFO - MainApplicationController initialized
2025-11-06 21:23:54,395 - ipi_framework.main_controller - INFO - MainApplicationController initialized
2025-11-06 21:23:54,395 - ipi_framework.main_controller - INFO - Starting system initialization...
2025-11-06 21:23:54,411 - ipi_framework.main_controller - INFO - System initialization completed successfully
2025-11-06 21:48:03,233 - ipi_framework.main_controller - INFO - MainApplicationController initialized
2025-11-06 21:48:03,236 - ipi_framework.main_controller - INFO - Starting system initialization...
2025-11-06 21:48:03,236 - ipi_framework.main_controller - INFO - System initialization completed successfully
